

================================================================
== Vivado HLS Report for 'image_filter_GaussianBlur'
================================================================
* Date:           Thu Jun 23 12:19:08 2016

* Version:        2014.4 (Build 1071461 on Tue Nov 18 16:42:57 PM 2014)
* Project:        text_isolation_ip
* Solution:       solution1
* Product family: zynq
* Target device:  xc7z020clg484-1


================================================================
== Performance Estimates
================================================================
+ Timing (ns): 
    * Summary: 
    +---------+-------+----------+------------+
    |  Clock  | Target| Estimated| Uncertainty|
    +---------+-------+----------+------------+
    |default  |  10.00|      8.67|        1.25|
    +---------+-------+----------+------------+

+ Latency (clock cycles): 
    * Summary: 
    +-----+---------+-----+---------+---------+
    |    Latency    |    Interval   | Pipeline|
    | min |   max   | min |   max   |   Type  |
    +-----+---------+-----+---------+---------+
    |  444|  2110484|  444|  2110484|   none  |
    +-----+---------+-----+---------+---------+

    + Detail: 
        * Instance: 
        +-----------------------------------+-------------------------+-----+---------+-----+---------+---------+
        |                                   |                         |    Latency    |    Interval   | Pipeline|
        |              Instance             |          Module         | min |   max   | min |   max   |   Type  |
        +-----------------------------------+-------------------------+-----+---------+-----+---------+---------+
        |grp_image_filter_Filter2D_1_fu_37  |image_filter_Filter2D_1  |  443|  2110483|  443|  2110483|   none  |
        +-----------------------------------+-------------------------+-----+---------+-----+---------+---------+

        * Loop: 
        N/A



================================================================
== Utilization Estimates
================================================================
* Summary: 
+-----------------+---------+-------+--------+-------+
|       Name      | BRAM_18K| DSP48E|   FF   |  LUT  |
+-----------------+---------+-------+--------+-------+
|Expression       |        -|      -|       0|      1|
|FIFO             |        -|      -|       -|      -|
|Instance         |        5|     23|    1581|   2015|
|Memory           |        -|      -|       -|      -|
|Multiplexer      |        -|      -|       -|      3|
|Register         |        -|      -|       4|      -|
+-----------------+---------+-------+--------+-------+
|Total            |        5|     23|    1585|   2019|
+-----------------+---------+-------+--------+-------+
|Available        |      280|    220|  106400|  53200|
+-----------------+---------+-------+--------+-------+
|Utilization (%)  |        1|     10|       1|      3|
+-----------------+---------+-------+--------+-------+

+ Detail: 
    * Instance: 
    +-----------------------------------+-------------------------+---------+-------+------+------+
    |              Instance             |          Module         | BRAM_18K| DSP48E|  FF  |  LUT |
    +-----------------------------------+-------------------------+---------+-------+------+------+
    |grp_image_filter_Filter2D_1_fu_37  |image_filter_Filter2D_1  |        5|     23|  1581|  2015|
    +-----------------------------------+-------------------------+---------+-------+------+------+
    |Total                              |                         |        5|     23|  1581|  2015|
    +-----------------------------------+-------------------------+---------+-------+------+------+

    * Memory: 
    N/A

    * FIFO: 
    N/A

    * Expression: 
    +---------------+----------+-------+---+----+------------+------------+
    | Variable Name | Operation| DSP48E| FF| LUT| Bitwidth P0| Bitwidth P1|
    +---------------+----------+-------+---+----+------------+------------+
    |ap_sig_bdd_43  |    or    |      0|  0|   1|           1|           1|
    +---------------+----------+-------+---+----+------------+------------+
    |Total          |          |      0|  0|   1|           1|           1|
    +---------------+----------+-------+---+----+------------+------------+

    * Multiplexer: 
    +---------------------------+----+-----------+-----+-----------+
    |            Name           | LUT| Input Size| Bits| Total Bits|
    +---------------------------+----+-----------+-----+-----------+
    |ap_NS_fsm                  |   1|          3|    1|          3|
    |p_dst_data_stream_V_write  |   1|          2|    1|          2|
    |p_src_data_stream_V_read   |   1|          2|    1|          2|
    +---------------------------+----+-----------+-----+-----------+
    |Total                      |   3|          7|    3|          7|
    +---------------------------+----+-----------+-----+-----------+

    * Register: 
    +---------------------------------------------------------+---+----+-----+-----------+
    |                           Name                          | FF| LUT| Bits| Const Bits|
    +---------------------------------------------------------+---+----+-----+-----------+
    |ap_CS_fsm                                                |  2|   0|    2|          0|
    |ap_done_reg                                              |  1|   0|    1|          0|
    |grp_image_filter_Filter2D_1_fu_37_ap_start_ap_start_reg  |  1|   0|    1|          0|
    +---------------------------------------------------------+---+----+-----+-----------+
    |Total                                                    |  4|   0|    4|          0|
    +---------------------------------------------------------+---+----+-----+-----------+



================================================================
== Interface
================================================================
* Summary: 
+-----------------------------+-----+-----+------------+---------------------------+--------------+
|          RTL Ports          | Dir | Bits|  Protocol  |       Source Object       |    C Type    |
+-----------------------------+-----+-----+------------+---------------------------+--------------+
|ap_clk                       |  in |    1| ap_ctrl_hs | image_filter_GaussianBlur | return value |
|ap_rst                       |  in |    1| ap_ctrl_hs | image_filter_GaussianBlur | return value |
|ap_start                     |  in |    1| ap_ctrl_hs | image_filter_GaussianBlur | return value |
|ap_done                      | out |    1| ap_ctrl_hs | image_filter_GaussianBlur | return value |
|ap_continue                  |  in |    1| ap_ctrl_hs | image_filter_GaussianBlur | return value |
|ap_idle                      | out |    1| ap_ctrl_hs | image_filter_GaussianBlur | return value |
|ap_ready                     | out |    1| ap_ctrl_hs | image_filter_GaussianBlur | return value |
|p_src_rows_V_read            |  in |   12|   ap_none  |     p_src_rows_V_read     |    scalar    |
|p_src_cols_V_read            |  in |   12|   ap_none  |     p_src_cols_V_read     |    scalar    |
|p_src_data_stream_V_dout     |  in |    8|   ap_fifo  |    p_src_data_stream_V    |    pointer   |
|p_src_data_stream_V_empty_n  |  in |    1|   ap_fifo  |    p_src_data_stream_V    |    pointer   |
|p_src_data_stream_V_read     | out |    1|   ap_fifo  |    p_src_data_stream_V    |    pointer   |
|p_dst_data_stream_V_din      | out |    8|   ap_fifo  |    p_dst_data_stream_V    |    pointer   |
|p_dst_data_stream_V_full_n   |  in |    1|   ap_fifo  |    p_dst_data_stream_V    |    pointer   |
|p_dst_data_stream_V_write    | out |    1|   ap_fifo  |    p_dst_data_stream_V    |    pointer   |
+-----------------------------+-----+-----+------------+---------------------------+--------------+

