

================================================================
== Vivado HLS Report for 'image_filter'
================================================================
* Date:           Thu Jun 23 12:19:10 2016

* Version:        2014.4 (Build 1071461 on Tue Nov 18 16:42:57 PM 2014)
* Project:        text_isolation_ip
* Solution:       solution1
* Product family: zynq
* Target device:  xc7z020clg484-1


================================================================
== Performance Estimates
================================================================
+ Timing (ns): 
    * Summary: 
    +---------+-------+----------+------------+
    |  Clock  | Target| Estimated| Uncertainty|
    +---------+-------+----------+------------+
    |default  |  10.00|      8.67|        1.25|
    +---------+-------+----------+------------+

+ Latency (clock cycles): 
    * Summary: 
    +-----+---------+-----+---------+----------+
    |    Latency    |    Interval   | Pipeline |
    | min |   max   | min |   max   |   Type   |
    +-----+---------+-----+---------+----------+
    |  445|  2110485|  445|  2110485| dataflow |
    +-----+---------+-----+---------+----------+

    + Detail: 
        * Instance: 
        +-----------------------------------------+---------------------------+-----+---------+-----+---------+---------+
        |                                         |                           |    Latency    |    Interval   | Pipeline|
        |                 Instance                |           Module          | min |   max   | min |   max   |   Type  |
        +-----------------------------------------+---------------------------+-----+---------+-----+---------+---------+
        |call_ret_image_filter_Block_proc_fu_283  |image_filter_Block_proc    |    0|        0|    0|        0|   none  |
        |grp_image_filter_AXIvideo2Mat_fu_217     |image_filter_AXIvideo2Mat  |    3|  2077923|    3|  2077923|   none  |
        |grp_image_filter_CvtColor_fu_240         |image_filter_CvtColor      |    1|  2080081|    1|  2080081|   none  |
        |grp_image_filter_GaussianBlur_fu_201     |image_filter_GaussianBlur  |  444|  2110484|  444|  2110484|   none  |
        |grp_image_filter_Sobel_fu_209            |image_filter_Sobel         |  223|  2092967|  223|  2092967|   none  |
        |grp_image_filter_CvtColor_1_fu_273       |image_filter_CvtColor_1    |    1|  2076841|    1|  2076841|   none  |
        |grp_image_filter_Mat2AXIvideo_fu_250     |image_filter_Mat2AXIvideo  |    1|  2076841|    1|  2076841|   none  |
        +-----------------------------------------+---------------------------+-----+---------+-----+---------+---------+

        * Loop: 
        N/A



================================================================
== Utilization Estimates
================================================================
* Summary: 
+-----------------+---------+-------+--------+-------+
|       Name      | BRAM_18K| DSP48E|   FF   |  LUT  |
+-----------------+---------+-------+--------+-------+
|Expression       |        -|      -|       0|      6|
|FIFO             |        0|      -|     105|    468|
|Instance         |        8|     26|    2631|   3579|
|Memory           |        -|      -|       -|      -|
|Multiplexer      |        -|      -|       -|     24|
|Register         |        -|      -|      20|      -|
+-----------------+---------+-------+--------+-------+
|Total            |        8|     26|    2756|   4077|
+-----------------+---------+-------+--------+-------+
|Available        |      280|    220|  106400|  53200|
+-----------------+---------+-------+--------+-------+
|Utilization (%)  |        2|     11|       2|      7|
+-----------------+---------+-------+--------+-------+

+ Detail: 
    * Instance: 
    +------------------------------+---------------------------+---------+-------+------+------+
    |           Instance           |           Module          | BRAM_18K| DSP48E|  FF  |  LUT |
    +------------------------------+---------------------------+---------+-------+------+------+
    |image_filter_AXIvideo2Mat_U0  |image_filter_AXIvideo2Mat  |        0|      0|   240|   291|
    |image_filter_Block_proc_U0    |image_filter_Block_proc    |        0|      0|   146|   145|
    |image_filter_CvtColor_U0      |image_filter_CvtColor      |        0|      3|   140|   100|
    |image_filter_CvtColor_1_U0    |image_filter_CvtColor_1    |        0|      0|    41|    75|
    |image_filter_GaussianBlur_U0  |image_filter_GaussianBlur  |        5|     23|  1585|  2019|
    |image_filter_Mat2AXIvideo_U0  |image_filter_Mat2AXIvideo  |        0|      0|    60|   109|
    |image_filter_Sobel_U0         |image_filter_Sobel         |        3|      0|   419|   840|
    +------------------------------+---------------------------+---------+-------+------+------+
    |Total                         |                           |        8|     26|  2631|  3579|
    +------------------------------+---------------------------+---------+-------+------+------+

    * Memory: 
    N/A

    * FIFO: 
    +-----------------------------+---------+---+----+------+-----+---------+
    |             Name            | BRAM_18K| FF| LUT| Depth| Bits| Size:D*B|
    +-----------------------------+---------+---+----+------+-----+---------+
    |img_0_g_cols_V_U             |        0|  5|  24|     2|   12|       24|
    |img_0_g_data_stream_0_V_U    |        0|  5|  20|     1|    8|        8|
    |img_0_g_rows_V_U             |        0|  5|  24|     2|   12|       24|
    |img_0_rgb_cols_V_channel1_U  |        0|  5|  24|     2|   12|       24|
    |img_0_rgb_cols_V_channel_U   |        0|  5|  24|     2|   12|       24|
    |img_0_rgb_data_stream_0_V_U  |        0|  5|  20|     1|    8|        8|
    |img_0_rgb_data_stream_1_V_U  |        0|  5|  20|     1|    8|        8|
    |img_0_rgb_data_stream_2_V_U  |        0|  5|  20|     1|    8|        8|
    |img_0_rgb_rows_V_channel1_U  |        0|  5|  24|     2|   12|       24|
    |img_0_rgb_rows_V_channel_U   |        0|  5|  24|     2|   12|       24|
    |img_1_g_cols_V_U             |        0|  5|  24|     2|   12|       24|
    |img_1_g_data_stream_0_V_U    |        0|  5|  20|     1|    8|        8|
    |img_1_g_rows_V_U             |        0|  5|  24|     2|   12|       24|
    |img_2_g_cols_V_U             |        0|  5|  24|     2|   12|       24|
    |img_2_g_data_stream_0_V_U    |        0|  5|  20|     1|    8|        8|
    |img_2_g_rows_V_U             |        0|  5|  24|     2|   12|       24|
    |img_2_rgb_cols_V_U           |        0|  5|  24|     2|   12|       24|
    |img_2_rgb_data_stream_0_V_U  |        0|  5|  20|     1|    8|        8|
    |img_2_rgb_data_stream_1_V_U  |        0|  5|  20|     1|    8|        8|
    |img_2_rgb_data_stream_2_V_U  |        0|  5|  20|     1|    8|        8|
    |img_2_rgb_rows_V_U           |        0|  5|  24|     2|   12|       24|
    +-----------------------------+---------+---+----+------+-----+---------+
    |Total                        |        0|105| 468|    33|  216|      360|
    +-----------------------------+---------+---+----+------+-----+---------+

    * Expression: 
    +---------------------------------------+----------+-------+---+----+------------+------------+
    |             Variable Name             | Operation| DSP48E| FF| LUT| Bitwidth P0| Bitwidth P1|
    +---------------------------------------+----------+-------+---+----+------------+------------+
    |image_filter_AXIvideo2Mat_U0_ap_start  |    and   |      0|  0|   1|           1|           1|
    |image_filter_CvtColor_1_U0_ap_start    |    and   |      0|  0|   1|           1|           1|
    |image_filter_CvtColor_U0_ap_start      |    and   |      0|  0|   1|           1|           1|
    |image_filter_GaussianBlur_U0_ap_start  |    and   |      0|  0|   1|           1|           1|
    |image_filter_Mat2AXIvideo_U0_ap_start  |    and   |      0|  0|   1|           1|           1|
    |image_filter_Sobel_U0_ap_start         |    and   |      0|  0|   1|           1|           1|
    +---------------------------------------+----------+-------+---+----+------------+------------+
    |Total                                  |          |      0|  0|   6|           6|           6|
    +---------------------------------------+----------+-------+---+----+------------+------------+

    * Multiplexer: 
    +-------------------------------------------------------------------+----+-----------+-----+-----------+
    |                                Name                               | LUT| Input Size| Bits| Total Bits|
    +-------------------------------------------------------------------+----+-----------+-----+-----------+
    |ap_chn_write_image_filter_Block_proc_U0_img_0_g_cols_V             |   1|          2|    1|          2|
    |ap_chn_write_image_filter_Block_proc_U0_img_0_g_rows_V             |   1|          2|    1|          2|
    |ap_chn_write_image_filter_Block_proc_U0_img_0_rgb_cols_V_channel   |   1|          2|    1|          2|
    |ap_chn_write_image_filter_Block_proc_U0_img_0_rgb_cols_V_channel1  |   1|          2|    1|          2|
    |ap_chn_write_image_filter_Block_proc_U0_img_0_rgb_rows_V_channel   |   1|          2|    1|          2|
    |ap_chn_write_image_filter_Block_proc_U0_img_0_rgb_rows_V_channel1  |   1|          2|    1|          2|
    |ap_chn_write_image_filter_Block_proc_U0_img_1_g_cols_V             |   1|          2|    1|          2|
    |ap_chn_write_image_filter_Block_proc_U0_img_1_g_rows_V             |   1|          2|    1|          2|
    |ap_chn_write_image_filter_Block_proc_U0_img_2_g_cols_V             |   1|          2|    1|          2|
    |ap_chn_write_image_filter_Block_proc_U0_img_2_g_rows_V             |   1|          2|    1|          2|
    |ap_chn_write_image_filter_Block_proc_U0_img_2_rgb_cols_V           |   1|          2|    1|          2|
    |ap_chn_write_image_filter_Block_proc_U0_img_2_rgb_rows_V           |   1|          2|    1|          2|
    |ap_sig_ready_img_0_g_cols_V_full_n                                 |   1|          2|    1|          2|
    |ap_sig_ready_img_0_g_rows_V_full_n                                 |   1|          2|    1|          2|
    |ap_sig_ready_img_0_rgb_cols_V_channel1_full_n                      |   1|          2|    1|          2|
    |ap_sig_ready_img_0_rgb_cols_V_channel_full_n                       |   1|          2|    1|          2|
    |ap_sig_ready_img_0_rgb_rows_V_channel1_full_n                      |   1|          2|    1|          2|
    |ap_sig_ready_img_0_rgb_rows_V_channel_full_n                       |   1|          2|    1|          2|
    |ap_sig_ready_img_1_g_cols_V_full_n                                 |   1|          2|    1|          2|
    |ap_sig_ready_img_1_g_rows_V_full_n                                 |   1|          2|    1|          2|
    |ap_sig_ready_img_2_g_cols_V_full_n                                 |   1|          2|    1|          2|
    |ap_sig_ready_img_2_g_rows_V_full_n                                 |   1|          2|    1|          2|
    |ap_sig_ready_img_2_rgb_cols_V_full_n                               |   1|          2|    1|          2|
    |ap_sig_ready_img_2_rgb_rows_V_full_n                               |   1|          2|    1|          2|
    +-------------------------------------------------------------------+----+-----------+-----+-----------+
    |Total                                                              |  24|         48|   24|         48|
    +-------------------------------------------------------------------+----+-----------+-----+-----------+

    * Register: 
    +-----------------------------------------------+---+----+-----+-----------+
    |                      Name                     | FF| LUT| Bits| Const Bits|
    +-----------------------------------------------+---+----+-----+-----------+
    |ap_CS                                          |  1|   0|    1|          0|
    |ap_reg_procdone_image_filter_AXIvideo2Mat_U0   |  1|   0|    1|          0|
    |ap_reg_procdone_image_filter_Block_proc_U0     |  1|   0|    1|          0|
    |ap_reg_procdone_image_filter_CvtColor_1_U0     |  1|   0|    1|          0|
    |ap_reg_procdone_image_filter_CvtColor_U0       |  1|   0|    1|          0|
    |ap_reg_procdone_image_filter_GaussianBlur_U0   |  1|   0|    1|          0|
    |ap_reg_procdone_image_filter_Mat2AXIvideo_U0   |  1|   0|    1|          0|
    |ap_reg_procdone_image_filter_Sobel_U0          |  1|   0|    1|          0|
    |ap_reg_ready_img_0_g_cols_V_full_n             |  1|   0|    1|          0|
    |ap_reg_ready_img_0_g_rows_V_full_n             |  1|   0|    1|          0|
    |ap_reg_ready_img_0_rgb_cols_V_channel1_full_n  |  1|   0|    1|          0|
    |ap_reg_ready_img_0_rgb_cols_V_channel_full_n   |  1|   0|    1|          0|
    |ap_reg_ready_img_0_rgb_rows_V_channel1_full_n  |  1|   0|    1|          0|
    |ap_reg_ready_img_0_rgb_rows_V_channel_full_n   |  1|   0|    1|          0|
    |ap_reg_ready_img_1_g_cols_V_full_n             |  1|   0|    1|          0|
    |ap_reg_ready_img_1_g_rows_V_full_n             |  1|   0|    1|          0|
    |ap_reg_ready_img_2_g_cols_V_full_n             |  1|   0|    1|          0|
    |ap_reg_ready_img_2_g_rows_V_full_n             |  1|   0|    1|          0|
    |ap_reg_ready_img_2_rgb_cols_V_full_n           |  1|   0|    1|          0|
    |ap_reg_ready_img_2_rgb_rows_V_full_n           |  1|   0|    1|          0|
    +-----------------------------------------------+---+----+-----+-----------+
    |Total                                          | 20|   0|   20|          0|
    +-----------------------------------------------+---+----+-----+-----------+



================================================================
== Interface
================================================================
* Summary: 
+----------------------+-----+-----+------------+------------------------+--------------+
|       RTL Ports      | Dir | Bits|  Protocol  |      Source Object     |    C Type    |
+----------------------+-----+-----+------------+------------------------+--------------+
|INPUT_STREAM_TDATA    |  in |   32|    axis    |  INPUT_STREAM_V_data_V |    pointer   |
|INPUT_STREAM_TKEEP    |  in |    4|    axis    |  INPUT_STREAM_V_keep_V |    pointer   |
|INPUT_STREAM_TSTRB    |  in |    4|    axis    |  INPUT_STREAM_V_strb_V |    pointer   |
|INPUT_STREAM_TUSER    |  in |    1|    axis    |  INPUT_STREAM_V_user_V |    pointer   |
|INPUT_STREAM_TLAST    |  in |    1|    axis    |  INPUT_STREAM_V_last_V |    pointer   |
|INPUT_STREAM_TID      |  in |    1|    axis    |   INPUT_STREAM_V_id_V  |    pointer   |
|INPUT_STREAM_TDEST    |  in |    1|    axis    |  INPUT_STREAM_V_dest_V |    pointer   |
|INPUT_STREAM_TVALID   |  in |    1|    axis    |  INPUT_STREAM_V_dest_V |    pointer   |
|INPUT_STREAM_TREADY   | out |    1|    axis    |  INPUT_STREAM_V_dest_V |    pointer   |
|OUTPUT_STREAM_TDATA   | out |   32|    axis    | OUTPUT_STREAM_V_data_V |    pointer   |
|OUTPUT_STREAM_TKEEP   | out |    4|    axis    | OUTPUT_STREAM_V_keep_V |    pointer   |
|OUTPUT_STREAM_TSTRB   | out |    4|    axis    | OUTPUT_STREAM_V_strb_V |    pointer   |
|OUTPUT_STREAM_TUSER   | out |    1|    axis    | OUTPUT_STREAM_V_user_V |    pointer   |
|OUTPUT_STREAM_TLAST   | out |    1|    axis    | OUTPUT_STREAM_V_last_V |    pointer   |
|OUTPUT_STREAM_TID     | out |    1|    axis    |  OUTPUT_STREAM_V_id_V  |    pointer   |
|OUTPUT_STREAM_TDEST   | out |    1|    axis    | OUTPUT_STREAM_V_dest_V |    pointer   |
|OUTPUT_STREAM_TVALID  | out |    1|    axis    | OUTPUT_STREAM_V_dest_V |    pointer   |
|OUTPUT_STREAM_TREADY  |  in |    1|    axis    | OUTPUT_STREAM_V_dest_V |    pointer   |
|rows                  |  in |   32|  ap_stable |          rows          |    scalar    |
|cols                  |  in |   32|  ap_stable |          cols          |    scalar    |
|ap_clk                |  in |    1| ap_ctrl_hs |      image_filter      | return value |
|ap_rst_n              |  in |    1| ap_ctrl_hs |      image_filter      | return value |
|ap_start              |  in |    1| ap_ctrl_hs |      image_filter      | return value |
|ap_done               | out |    1| ap_ctrl_hs |      image_filter      | return value |
|ap_idle               | out |    1| ap_ctrl_hs |      image_filter      | return value |
|ap_ready              | out |    1| ap_ctrl_hs |      image_filter      | return value |
+----------------------+-----+-----+------------+------------------------+--------------+

