

================================================================
== Vivado HLS Report for 'image_filter_borderInterpolate'
================================================================
* Date:           Thu Jun 23 12:19:01 2016

* Version:        2014.4 (Build 1071461 on Tue Nov 18 16:42:57 PM 2014)
* Project:        text_isolation_ip
* Solution:       solution1
* Product family: zynq
* Target device:  xc7z020clg484-1


================================================================
== Performance Estimates
================================================================
+ Timing (ns): 
    * Summary: 
    +---------+-------+----------+------------+
    |  Clock  | Target| Estimated| Uncertainty|
    +---------+-------+----------+------------+
    |default  |  10.00|      7.82|        1.25|
    +---------+-------+----------+------------+

+ Latency (clock cycles): 
    * Summary: 
    +-----+-----+-----+-----+----------+
    |  Latency  |  Interval | Pipeline |
    | min | max | min | max |   Type   |
    +-----+-----+-----+-----+----------+
    |    1|    1|    1|    1| function |
    +-----+-----+-----+-----+----------+

    + Detail: 
        * Instance: 
        N/A

        * Loop: 
        N/A



================================================================
== Utilization Estimates
================================================================
* Summary: 
+-----------------+---------+-------+--------+-------+
|       Name      | BRAM_18K| DSP48E|   FF   |  LUT  |
+-----------------+---------+-------+--------+-------+
|Expression       |        -|      -|       -|      -|
|FIFO             |        -|      -|       -|      -|
|Instance         |        -|      -|       -|      -|
|Memory           |        -|      -|       -|      -|
|Multiplexer      |        -|      -|       -|      -|
|Register         |        -|      -|       -|      -|
+-----------------+---------+-------+--------+-------+
|Total            |        0|      0|       0|      0|
+-----------------+---------+-------+--------+-------+
|Available        |      280|    220|  106400|  53200|
+-----------------+---------+-------+--------+-------+
|Utilization (%)  |        0|      0|       0|      0|
+-----------------+---------+-------+--------+-------+

+ Detail: 
    * Instance: 
    N/A

    * Memory: 
    N/A

    * FIFO: 
    N/A

    * Expression: 
    N/A

    * Multiplexer: 
    N/A

    * Register: 
    N/A



================================================================
== Interface
================================================================
* Summary: 
N/A

============================================================
+ Verbose Summary: Synthesis Manager
============================================================
InlineROM: 1
ExposeGlobal: 0
============================================================
+ Verbose Summary: CDFG Model
============================================================
IsTopModel: 0
ResetActiveHigh: 1
IsCombinational: 0
IsDatapathOnly: 0
HasWiredReturn: 1
HasMFsm: 2
HasVarLatency: 0
IsPipeline: 1
IsRtlPipelined: 1
IsInstanceOverlapped: 0
IsDontTouch: 0
HasImplIP: 0
IsGatedGlobalClock: 0

+ Individual pipeline summary: 
  * Pipeline-0: initiation interval (II) = 1, depth = 2


============================================================
+ Verbose Summary: Schedule
============================================================
* Number of FSM states: 2
* Pipeline: 1
  Pipeline-0: II = 1, D = 2, States = { 1 2 }
* Dataflow Pipeline: 0

* FSM state transitions: 
1 --> 
	2  / true
2 --> 
* FSM state operations: 

 <State 1>: 7.82ns
ST_1: len_read [1/1] 1.28ns
_ifconv:0  %len_read = call i11 @_ssdm_op_Read.ap_auto.i11(i11 %len)

ST_1: p_read [1/1] 1.28ns
_ifconv:1  %p_read = call i12 @_ssdm_op_Read.ap_auto.i12(i12 %p)

ST_1: tmp [1/1] 0.00ns
_ifconv:2  %tmp = call i1 @_ssdm_op_BitSelect.i1.i12.i32(i12 %p_read, i32 11)

ST_1: rev [1/1] 1.37ns
_ifconv:3  %rev = xor i1 %tmp, true

ST_1: len_cast4_cast [1/1] 0.00ns
_ifconv:4  %len_cast4_cast = zext i11 %len_read to i12

ST_1: tmp_s [1/1] 2.14ns
_ifconv:5  %tmp_s = icmp sgt i12 %len_cast4_cast, %p_read

ST_1: or_cond_82 [1/1] 1.37ns
_ifconv:6  %or_cond_82 = and i1 %tmp_s, %rev

ST_1: p_cast_cast [1/1] 0.00ns
_ifconv:7  %p_cast_cast = sext i12 %p_read to i13

ST_1: tmp_1 [1/1] 2.11ns
_ifconv:8  %tmp_1 = icmp eq i11 %len_read, 1

ST_1: tmp_80 [1/1] 0.00ns
_ifconv:9  %tmp_80 = call i1 @_ssdm_op_BitSelect.i1.i12.i32(i12 %p_read, i32 11)

ST_1: p_assign [1/1] 1.84ns
_ifconv:10  %p_assign = sub i12 0, %p_read

ST_1: p_p2 [1/1] 1.37ns
_ifconv:11  %p_p2 = select i1 %tmp_80, i12 %p_assign, i12 %p_read

ST_1: p_p2_cast_cast [1/1] 0.00ns
_ifconv:12  %p_p2_cast_cast = zext i12 %p_p2 to i13

ST_1: tmp_3 [1/1] 2.14ns
_ifconv:13  %tmp_3 = icmp ult i12 %p_p2, %len_cast4_cast

ST_1: tmp_4 [1/1] 0.00ns
_ifconv:14  %tmp_4 = call i12 @_ssdm_op_BitConcatenate.i12.i11.i1(i11 %len_read, i1 false)

ST_1: tmp_4_cast_cast [1/1] 0.00ns
_ifconv:15  %tmp_4_cast_cast = zext i12 %tmp_4 to i13

ST_1: tmp_5 [1/1] 1.84ns
_ifconv:16  %tmp_5 = add i13 %tmp_4_cast_cast, -2

ST_1: p_assign_1 [1/1] 1.96ns
_ifconv:17  %p_assign_1 = sub i13 %tmp_5, %p_p2_cast_cast

ST_1: tmp_not [1/1] 1.37ns
_ifconv:18  %tmp_not = xor i1 %tmp_s, true

ST_1: sel_tmp1 [1/1] 1.37ns
_ifconv:19  %sel_tmp1 = or i1 %tmp, %tmp_not

ST_1: sel_tmp2 [1/1] 1.37ns
_ifconv:20  %sel_tmp2 = and i1 %tmp_1, %sel_tmp1

ST_1: sel_tmp6_demorgan [1/1] 1.37ns
_ifconv:21  %sel_tmp6_demorgan = or i1 %or_cond_82, %tmp_1

ST_1: newSel9 [1/1] 1.37ns
_ifconv:27  %newSel9 = select i1 %or_cond_82, i13 %p_cast_cast, i13 %p_assign_1


 <State 2>: 5.48ns
ST_2: sel_tmp6 [1/1] 1.37ns
_ifconv:22  %sel_tmp6 = xor i1 %sel_tmp6_demorgan, true

ST_2: sel_tmp7 [1/1] 1.37ns
_ifconv:23  %sel_tmp7 = and i1 %tmp_3, %sel_tmp6

ST_2: newSel [1/1] 1.37ns
_ifconv:24  %newSel = select i1 %sel_tmp7, i12 %p_p2, i12 0

ST_2: newSel_cast [1/1] 0.00ns
_ifconv:25  %newSel_cast = zext i12 %newSel to i13

ST_2: or_cond [1/1] 1.37ns
_ifconv:26  %or_cond = or i1 %sel_tmp7, %sel_tmp2

ST_2: p_assign_5 [1/1] 1.37ns
_ifconv:28  %p_assign_5 = select i1 %or_cond, i13 %newSel_cast, i13 %newSel9

ST_2: stg_32 [1/1] 0.00ns
_ifconv:29  ret i13 %p_assign_5



============================================================
+ Verbose Summary: Binding
============================================================
N/A
* FSMD analyzer results:
  - Output states:
  - Chain level:
	State 1
	State 2


============================================================
+ Verbose Summary: Datapath Resource usage 
============================================================
N/A
